\BOOKMARK [1][-]{section.1}{\376\377\000I\000n\000t\000r\000o\000d\000u\000c\000t\000i\000o\000n}{}% 1
\BOOKMARK [1][-]{section.2}{\376\377\000A\000c\000c\000o\000u\000n\000t\000i\000n\000g\000\040\000S\000e\000t\000u\000p}{}% 2
\BOOKMARK [2][-]{subsection.2.1}{\376\377\000S\000e\000c\000t\000o\000r\000s\000\040\000a\000n\000d\000\040\000I\000n\000s\000t\000r\000u\000m\000e\000n\000t\000s}{section.2}% 3
\BOOKMARK [2][-]{subsection.2.2}{\376\377\000N\000o\000t\000a\000t\000i\000o\000n\000:\000\040\000N\000e\000t\000\040\000W\000o\000r\000t\000h\000\040\000v\000s\000.\000\040\000N\000e\000t\000\040\000F\000i\000n\000a\000n\000c\000i\000a\000l\000\040\000A\000s\000s\000e\000t\000s}{section.2}% 4
\BOOKMARK [2][-]{subsection.2.3}{\376\377\000B\000a\000l\000a\000n\000c\000e\000\040\000S\000h\000e\000e\000t\000s}{section.2}% 5
\BOOKMARK [1][-]{section.3}{\376\377\000T\000h\000e\000\040\000S\000e\000c\000t\000o\000r\000a\000l\000\040\000B\000a\000l\000a\000n\000c\000e\000\040\000I\000d\000e\000n\000t\000i\000t\000y\000\040\000\050\000C\000l\000o\000s\000e\000d\000\040\000E\000c\000o\000n\000o\000m\000y\000\051}{}% 6
\BOOKMARK [1][-]{section.4}{\376\377\000M\000o\000n\000e\000t\000a\000r\000y\000\040\000O\000p\000e\000r\000a\000t\000i\000o\000n\000s}{}% 7
\BOOKMARK [2][-]{subsection.4.1}{\376\377\000H\000o\000r\000i\000z\000o\000n\000t\000a\000l\000\040\000M\000o\000n\000e\000y\000:\000\040\000B\000a\000n\000k\000\040\000C\000r\000e\000d\000i\000t}{section.4}% 8
\BOOKMARK [2][-]{subsection.4.2}{\376\377\000V\000e\000r\000t\000i\000c\000a\000l\000\040\000M\000o\000n\000e\000y\000:\000\040\000F\000i\000s\000c\000a\000l\000\040\000S\000p\000e\000n\000d\000i\000n\000g\000\040\000a\000n\000d\000\040\000T\000a\000x\000e\000s}{section.4}% 9
\BOOKMARK [2][-]{subsection.4.3}{\376\377\000T\000r\000e\000a\000s\000u\000r\000y\000\040\000S\000e\000c\000u\000r\000i\000t\000i\000e\000s\000:\000\040\000R\000e\000s\000e\000r\000v\000e\000\040\000D\000r\000a\000i\000n\000s\000\040\000\050\000N\000o\000t\000\040\000`\000`\000F\000u\000n\000d\000i\000n\000g\000'\000'\000\051}{section.4}% 10
\BOOKMARK [2][-]{subsection.4.4}{\376\377\000Q\000E\000\040\000a\000n\000d\000\040\000Q\000T\000:\000\040\000C\000e\000n\000t\000r\000a\000l\000\040\000B\000a\000n\000k\000\040\000A\000s\000s\000e\000t\000\040\000S\000w\000a\000p\000s}{section.4}% 11
\BOOKMARK [2][-]{subsection.4.5}{\376\377\000S\000u\000m\000m\000a\000r\000y\000\040\000T\000a\000b\000l\000e\000\040\000\050\000W\000h\000a\000t\000\040\000C\000h\000a\000n\000g\000e\000s\000,\000\040\000W\000h\000a\000t\000\040\000D\000o\000e\000s\000n\000'\000t\000\051}{section.4}% 12
\BOOKMARK [1][-]{section.5}{\376\377\000I\000m\000p\000l\000i\000c\000a\000t\000i\000o\000n\000s\000\040\000\050\000a\000n\000d\000\040\000W\000h\000a\000t\000\040\000T\000h\000i\000s\000\040\000D\000o\000e\000s\000\040\000N\000o\000t\000\040\000C\000l\000a\000i\000m\000\051}{}% 13
\BOOKMARK [2][-]{subsection.5.1}{\376\377\000W\000h\000a\000t\000\040\000F\000o\000l\000l\000o\000w\000s\000\040\000I\000m\000m\000e\000d\000i\000a\000t\000e\000l\000y}{section.5}% 14
\BOOKMARK [2][-]{subsection.5.2}{\376\377\000W\000h\000a\000t\000\040\000R\000e\000q\000u\000i\000r\000e\000s\000\040\000A\000d\000d\000i\000t\000i\000o\000n\000a\000l\000\040\000E\000c\000o\000n\000o\000m\000i\000c\000s}{section.5}% 15
\BOOKMARK [1][-]{section.6}{\376\377\000C\000o\000n\000n\000e\000c\000t\000i\000o\000n\000\040\000t\000o\000\040\000t\000h\000e\000\040\000I\000n\000t\000e\000r\000a\000c\000t\000i\000v\000e\000\040\000A\000p\000p\000l\000i\000c\000a\000t\000i\000o\000n}{}% 16
\BOOKMARK [1][-]{section.7}{\376\377\000M\000u\000l\000t\000i\000-\000P\000e\000r\000i\000o\000d\000\040\000D\000y\000n\000a\000m\000i\000c\000s\000\040\000a\000n\000d\000\040\000I\000n\000t\000e\000r\000e\000s\000t\000\040\000R\000a\000t\000e\000\040\000C\000h\000a\000n\000n\000e\000l\000s}{}% 17
\BOOKMARK [2][-]{subsection.7.1}{\376\377\000T\000i\000m\000e\000-\000I\000n\000d\000e\000x\000e\000d\000\040\000S\000t\000o\000c\000k\000\040\000V\000a\000r\000i\000a\000b\000l\000e\000s}{section.7}% 18
\BOOKMARK [2][-]{subsection.7.2}{\376\377\000I\000n\000t\000e\000r\000e\000s\000t\000\040\000P\000a\000y\000m\000e\000n\000t\000s\000\040\000a\000s\000\040\000F\000l\000o\000w\000\040\000V\000a\000r\000i\000a\000b\000l\000e\000s}{section.7}% 19
\BOOKMARK [2][-]{subsection.7.3}{\376\377\000R\000e\000c\000u\000r\000s\000i\000v\000e\000\040\000B\000a\000l\000a\000n\000c\000e\000\040\000S\000h\000e\000e\000t\000\040\000U\000p\000d\000a\000t\000e\000s}{section.7}% 20
\BOOKMARK [2][-]{subsection.7.4}{\376\377\000R\000e\000a\000l\000\040\000v\000s\000.\000\040\000N\000o\000m\000i\000n\000a\000l\000\040\000D\000e\000f\000i\000c\000i\000t\000s}{section.7}% 21
\BOOKMARK [2][-]{subsection.7.5}{\376\377\000P\000e\000r\000i\000o\000d\000-\000b\000y\000-\000P\000e\000r\000i\000o\000d\000\040\000B\000a\000l\000a\000n\000c\000e\000\040\000S\000h\000e\000e\000t\000\040\000M\000a\000t\000r\000i\000c\000e\000s}{section.7}% 22
\BOOKMARK [2][-]{subsection.7.6}{\376\377\000N\000o\000m\000i\000n\000a\000l\000\040\000D\000e\000f\000i\000c\000i\000t\000\040\000D\000y\000n\000a\000m\000i\000c\000s}{section.7}% 23
\BOOKMARK [2][-]{subsection.7.7}{\376\377\000R\000e\000a\000l\000\040\000D\000e\000f\000i\000c\000i\000t\000\040\000a\000n\000d\000\040\000t\000h\000e\000\040\000I\000n\000f\000l\000a\000t\000i\000o\000n\000\040\000F\000e\000e\000d\000b\000a\000c\000k}{section.7}% 24
\BOOKMARK [2][-]{subsection.7.8}{\376\377\000N\000u\000m\000e\000r\000i\000c\000a\000l\000\040\000E\000x\000a\000m\000p\000l\000e\000:\000\040\000H\000i\000g\000h\000\040\000D\000e\000b\000t\000\040\000S\000c\000e\000n\000a\000r\000i\000o}{section.7}% 25
\BOOKMARK [2][-]{subsection.7.9}{\376\377\000M\000u\000l\000t\000i\000-\000P\000e\000r\000i\000o\000d\000\040\000T\000r\000a\000j\000e\000c\000t\000o\000r\000i\000e\000s}{section.7}% 26
\BOOKMARK [2][-]{subsection.7.10}{\376\377\000C\000o\000n\000n\000e\000c\000t\000i\000o\000n\000\040\000t\000o\000\040\000I\000n\000t\000e\000r\000a\000c\000t\000i\000v\000e\000\040\000A\000p\000p\000l\000i\000c\000a\000t\000i\000o\000n}{section.7}% 27
\BOOKMARK [1][-]{section.8}{\376\377\000R\000e\000f\000e\000r\000e\000n\000c\000e\000s}{}% 28
